Sending build context to Docker daemon 4.096 kB
Step 1 : FROM ubuntu:14.04
 ---> 90d5884b1ee0
Step 2 : MAINTAINER mwall
 ---> Running in 18f87c24b7e8
 ---> c68727c2b959
Removing intermediate container 18f87c24b7e8
Step 3 : LABEL version "1.0"
 ---> Running in 2f3df2473796
 ---> bbbb022835ee
Removing intermediate container 2f3df2473796
Step 4 : LABEL description "car Visualization Project at IoS Project TU-Berlin 2016. Frontend Service"
 ---> Running in cfa8abfbb8ef
 ---> 874478154d9d
Removing intermediate container cfa8abfbb8ef
Step 5 : RUN apt-get update && apt-get install -y --force-yes apache2
 ---> Running in a9206d8f7549
Ign http://archive.ubuntu.com trusty InRelease
Get:1 http://archive.ubuntu.com trusty-updates InRelease [65.9 kB]
Get:2 http://archive.ubuntu.com trusty-security InRelease [65.9 kB]
Get:3 http://archive.ubuntu.com trusty Release.gpg [933 B]
Get:4 http://archive.ubuntu.com trusty Release [58.5 kB]
Get:5 http://archive.ubuntu.com trusty-updates/main Sources [346 kB]
Get:6 http://archive.ubuntu.com trusty-updates/restricted Sources [5217 B]
Get:7 http://archive.ubuntu.com trusty-updates/universe Sources [194 kB]
Get:8 http://archive.ubuntu.com trusty-updates/main amd64 Packages [964 kB]
Get:9 http://archive.ubuntu.com trusty-updates/restricted amd64 Packages [23.5 kB]
Get:10 http://archive.ubuntu.com trusty-updates/universe amd64 Packages [464 kB]
Get:11 http://archive.ubuntu.com trusty-security/main Sources [147 kB]
Get:12 http://archive.ubuntu.com trusty-security/restricted Sources [3920 B]
Get:13 http://archive.ubuntu.com trusty-security/universe Sources [41.8 kB]
Get:14 http://archive.ubuntu.com trusty-security/main amd64 Packages [602 kB]
Get:15 http://archive.ubuntu.com trusty-security/restricted amd64 Packages [20.2 kB]
Get:16 http://archive.ubuntu.com trusty-security/universe amd64 Packages [167 kB]
Get:17 http://archive.ubuntu.com trusty/main Sources [1335 kB]
Get:18 http://archive.ubuntu.com trusty/restricted Sources [5335 B]
Get:19 http://archive.ubuntu.com trusty/universe Sources [7926 kB]
Get:20 http://archive.ubuntu.com trusty/main amd64 Packages [1743 kB]
Get:21 http://archive.ubuntu.com trusty/restricted amd64 Packages [16.0 kB]
Get:22 http://archive.ubuntu.com trusty/universe amd64 Packages [7589 kB]
Fetched 21.8 MB in 7s (2888 kB/s)
Reading package lists...
Reading package lists...
Building dependency tree...
Reading state information...
The following extra packages will be installed:
  apache2-bin apache2-data libapr1 libaprutil1 libaprutil1-dbd-sqlite3
  libaprutil1-ldap libasn1-8-heimdal libgssapi3-heimdal libhcrypto4-heimdal
  libheimbase1-heimdal libheimntlm0-heimdal libhx509-5-heimdal
  libkrb5-26-heimdal libldap-2.4-2 libroken18-heimdal libsasl2-2
  libsasl2-modules libsasl2-modules-db libwind0-heimdal libxml2 openssl
  sgml-base ssl-cert xml-core
Suggested packages:
  www-browser apache2-doc apache2-suexec-pristine apache2-suexec-custom ufw
  apache2-utils libsasl2-modules-otp libsasl2-modules-ldap
  libsasl2-modules-sql libsasl2-modules-gssapi-mit
  libsasl2-modules-gssapi-heimdal ca-certificates sgml-base-doc
  openssl-blacklist debhelper
The following NEW packages will be installed:
  apache2 apache2-bin apache2-data libapr1 libaprutil1 libaprutil1-dbd-sqlite3
  libaprutil1-ldap libasn1-8-heimdal libgssapi3-heimdal libhcrypto4-heimdal
  libheimbase1-heimdal libheimntlm0-heimdal libhx509-5-heimdal
  libkrb5-26-heimdal libldap-2.4-2 libroken18-heimdal libsasl2-2
  libsasl2-modules libsasl2-modules-db libwind0-heimdal libxml2 openssl
  sgml-base ssl-cert xml-core
0 upgraded, 25 newly installed, 0 to remove and 6 not upgraded.
Need to get 3436 kB of archives.
After this operation, 12.6 MB of additional disk space will be used.
Get:1 http://archive.ubuntu.com/ubuntu/ trusty-updates/main libroken18-heimdal amd64 1.6~git20131207+dfsg-1ubuntu1.1 [40.0 kB]
Get:2 http://archive.ubuntu.com/ubuntu/ trusty-updates/main libasn1-8-heimdal amd64 1.6~git20131207+dfsg-1ubuntu1.1 [161 kB]
Get:3 http://archive.ubuntu.com/ubuntu/ trusty-updates/main libhcrypto4-heimdal amd64 1.6~git20131207+dfsg-1ubuntu1.1 [83.9 kB]
Get:4 http://archive.ubuntu.com/ubuntu/ trusty-updates/main libheimbase1-heimdal amd64 1.6~git20131207+dfsg-1ubuntu1.1 [28.9 kB]
Get:5 http://archive.ubuntu.com/ubuntu/ trusty-updates/main libwind0-heimdal amd64 1.6~git20131207+dfsg-1ubuntu1.1 [47.8 kB]
Get:6 http://archive.ubuntu.com/ubuntu/ trusty-updates/main libhx509-5-heimdal amd64 1.6~git20131207+dfsg-1ubuntu1.1 [104 kB]
Get:7 http://archive.ubuntu.com/ubuntu/ trusty-updates/main libkrb5-26-heimdal amd64 1.6~git20131207+dfsg-1ubuntu1.1 [196 kB]
Get:8 http://archive.ubuntu.com/ubuntu/ trusty-updates/main libheimntlm0-heimdal amd64 1.6~git20131207+dfsg-1ubuntu1.1 [15.2 kB]
Get:9 http://archive.ubuntu.com/ubuntu/ trusty-updates/main libgssapi3-heimdal amd64 1.6~git20131207+dfsg-1ubuntu1.1 [89.8 kB]
Get:10 http://archive.ubuntu.com/ubuntu/ trusty/main libsasl2-modules-db amd64 2.1.25.dfsg1-17build1 [14.9 kB]
Get:11 http://archive.ubuntu.com/ubuntu/ trusty/main libsasl2-2 amd64 2.1.25.dfsg1-17build1 [56.5 kB]
Get:12 http://archive.ubuntu.com/ubuntu/ trusty-updates/main libldap-2.4-2 amd64 2.4.31-1+nmu2ubuntu8.2 [153 kB]
Get:13 http://archive.ubuntu.com/ubuntu/ trusty-updates/main libxml2 amd64 2.9.1+dfsg1-3ubuntu4.7 [571 kB]
Get:14 http://archive.ubuntu.com/ubuntu/ trusty/main sgml-base all 1.26+nmu4ubuntu1 [12.5 kB]
Get:15 http://archive.ubuntu.com/ubuntu/ trusty/main libapr1 amd64 1.5.0-1 [85.1 kB]
Get:16 http://archive.ubuntu.com/ubuntu/ trusty/main libaprutil1 amd64 1.5.3-1 [76.4 kB]
Get:17 http://archive.ubuntu.com/ubuntu/ trusty/main libsasl2-modules amd64 2.1.25.dfsg1-17build1 [64.3 kB]
Get:18 http://archive.ubuntu.com/ubuntu/ trusty-updates/main openssl amd64 1.0.1f-1ubuntu2.19 [490 kB]
Get:19 http://archive.ubuntu.com/ubuntu/ trusty/main xml-core all 0.13+nmu2 [23.3 kB]
Get:20 http://archive.ubuntu.com/ubuntu/ trusty/main libaprutil1-dbd-sqlite3 amd64 1.5.3-1 [10.5 kB]
Get:21 http://archive.ubuntu.com/ubuntu/ trusty/main libaprutil1-ldap amd64 1.5.3-1 [8634 B]
Get:22 http://archive.ubuntu.com/ubuntu/ trusty-updates/main apache2-bin amd64 2.4.7-1ubuntu4.9 [839 kB]
Get:23 http://archive.ubuntu.com/ubuntu/ trusty-updates/main apache2-data all 2.4.7-1ubuntu4.9 [160 kB]
Get:24 http://archive.ubuntu.com/ubuntu/ trusty-updates/main apache2 amd64 2.4.7-1ubuntu4.9 [87.5 kB]
Get:25 http://archive.ubuntu.com/ubuntu/ trusty/main ssl-cert all 1.0.33 [16.6 kB]
[91mdebconf: unable to initialize frontend: Dialog
debconf: (TERM is not set, so the dialog frontend is not usable.)
debconf: falling back to frontend: Readline
[0m[91mdebconf: unable to initialize frontend: Readline
debconf: (This frontend requires a controlling tty.)
debconf: falling back to frontend: Teletype
[0m[91mdpkg-preconfigure: unable to re-open stdin: 
[0mFetched 3436 kB in 0s (3532 kB/s)
Selecting previously unselected package libroken18-heimdal:amd64.
(Reading database ... 11558 files and directories currently installed.)
Preparing to unpack .../libroken18-heimdal_1.6~git20131207+dfsg-1ubuntu1.1_amd64.deb ...
Unpacking libroken18-heimdal:amd64 (1.6~git20131207+dfsg-1ubuntu1.1) ...
Selecting previously unselected package libasn1-8-heimdal:amd64.
Preparing to unpack .../libasn1-8-heimdal_1.6~git20131207+dfsg-1ubuntu1.1_amd64.deb ...
Unpacking libasn1-8-heimdal:amd64 (1.6~git20131207+dfsg-1ubuntu1.1) ...
Selecting previously unselected package libhcrypto4-heimdal:amd64.
Preparing to unpack .../libhcrypto4-heimdal_1.6~git20131207+dfsg-1ubuntu1.1_amd64.deb ...
Unpacking libhcrypto4-heimdal:amd64 (1.6~git20131207+dfsg-1ubuntu1.1) ...
Selecting previously unselected package libheimbase1-heimdal:amd64.
Preparing to unpack .../libheimbase1-heimdal_1.6~git20131207+dfsg-1ubuntu1.1_amd64.deb ...
Unpacking libheimbase1-heimdal:amd64 (1.6~git20131207+dfsg-1ubuntu1.1) ...
Selecting previously unselected package libwind0-heimdal:amd64.
Preparing to unpack .../libwind0-heimdal_1.6~git20131207+dfsg-1ubuntu1.1_amd64.deb ...
Unpacking libwind0-heimdal:amd64 (1.6~git20131207+dfsg-1ubuntu1.1) ...
Selecting previously unselected package libhx509-5-heimdal:amd64.
Preparing to unpack .../libhx509-5-heimdal_1.6~git20131207+dfsg-1ubuntu1.1_amd64.deb ...
Unpacking libhx509-5-heimdal:amd64 (1.6~git20131207+dfsg-1ubuntu1.1) ...
Selecting previously unselected package libkrb5-26-heimdal:amd64.
Preparing to unpack .../libkrb5-26-heimdal_1.6~git20131207+dfsg-1ubuntu1.1_amd64.deb ...
Unpacking libkrb5-26-heimdal:amd64 (1.6~git20131207+dfsg-1ubuntu1.1) ...
Selecting previously unselected package libheimntlm0-heimdal:amd64.
Preparing to unpack .../libheimntlm0-heimdal_1.6~git20131207+dfsg-1ubuntu1.1_amd64.deb ...
Unpacking libheimntlm0-heimdal:amd64 (1.6~git20131207+dfsg-1ubuntu1.1) ...
Selecting previously unselected package libgssapi3-heimdal:amd64.
Preparing to unpack .../libgssapi3-heimdal_1.6~git20131207+dfsg-1ubuntu1.1_amd64.deb ...
Unpacking libgssapi3-heimdal:amd64 (1.6~git20131207+dfsg-1ubuntu1.1) ...
Selecting previously unselected package libsasl2-modules-db:amd64.
Preparing to unpack .../libsasl2-modules-db_2.1.25.dfsg1-17build1_amd64.deb ...
Unpacking libsasl2-modules-db:amd64 (2.1.25.dfsg1-17build1) ...
Selecting previously unselected package libsasl2-2:amd64.
Preparing to unpack .../libsasl2-2_2.1.25.dfsg1-17build1_amd64.deb ...
Unpacking libsasl2-2:amd64 (2.1.25.dfsg1-17build1) ...
Selecting previously unselected package libldap-2.4-2:amd64.
Preparing to unpack .../libldap-2.4-2_2.4.31-1+nmu2ubuntu8.2_amd64.deb ...
Unpacking libldap-2.4-2:amd64 (2.4.31-1+nmu2ubuntu8.2) ...
Selecting previously unselected package libxml2:amd64.
Preparing to unpack .../libxml2_2.9.1+dfsg1-3ubuntu4.7_amd64.deb ...
Unpacking libxml2:amd64 (2.9.1+dfsg1-3ubuntu4.7) ...
Selecting previously unselected package sgml-base.
Preparing to unpack .../sgml-base_1.26+nmu4ubuntu1_all.deb ...
Unpacking sgml-base (1.26+nmu4ubuntu1) ...
Selecting previously unselected package libapr1:amd64.
Preparing to unpack .../libapr1_1.5.0-1_amd64.deb ...
Unpacking libapr1:amd64 (1.5.0-1) ...
Selecting previously unselected package libaprutil1:amd64.
Preparing to unpack .../libaprutil1_1.5.3-1_amd64.deb ...
Unpacking libaprutil1:amd64 (1.5.3-1) ...
Selecting previously unselected package libsasl2-modules:amd64.
Preparing to unpack .../libsasl2-modules_2.1.25.dfsg1-17build1_amd64.deb ...
Unpacking libsasl2-modules:amd64 (2.1.25.dfsg1-17build1) ...
Selecting previously unselected package openssl.
Preparing to unpack .../openssl_1.0.1f-1ubuntu2.19_amd64.deb ...
Unpacking openssl (1.0.1f-1ubuntu2.19) ...
Selecting previously unselected package xml-core.
Preparing to unpack .../xml-core_0.13+nmu2_all.deb ...
Unpacking xml-core (0.13+nmu2) ...
Selecting previously unselected package libaprutil1-dbd-sqlite3:amd64.
Preparing to unpack .../libaprutil1-dbd-sqlite3_1.5.3-1_amd64.deb ...
Unpacking libaprutil1-dbd-sqlite3:amd64 (1.5.3-1) ...
Selecting previously unselected package libaprutil1-ldap:amd64.
Preparing to unpack .../libaprutil1-ldap_1.5.3-1_amd64.deb ...
Unpacking libaprutil1-ldap:amd64 (1.5.3-1) ...
Selecting previously unselected package apache2-bin.
Preparing to unpack .../apache2-bin_2.4.7-1ubuntu4.9_amd64.deb ...
Unpacking apache2-bin (2.4.7-1ubuntu4.9) ...
Selecting previously unselected package apache2-data.
Preparing to unpack .../apache2-data_2.4.7-1ubuntu4.9_all.deb ...
Unpacking apache2-data (2.4.7-1ubuntu4.9) ...
Selecting previously unselected package apache2.
Preparing to unpack .../apache2_2.4.7-1ubuntu4.9_amd64.deb ...
Unpacking apache2 (2.4.7-1ubuntu4.9) ...
Selecting previously unselected package ssl-cert.
Preparing to unpack .../ssl-cert_1.0.33_all.deb ...
Unpacking ssl-cert (1.0.33) ...
Processing triggers for ureadahead (0.100.0-16) ...
Setting up libroken18-heimdal:amd64 (1.6~git20131207+dfsg-1ubuntu1.1) ...
Setting up libasn1-8-heimdal:amd64 (1.6~git20131207+dfsg-1ubuntu1.1) ...
Setting up libhcrypto4-heimdal:amd64 (1.6~git20131207+dfsg-1ubuntu1.1) ...
Setting up libheimbase1-heimdal:amd64 (1.6~git20131207+dfsg-1ubuntu1.1) ...
Setting up libwind0-heimdal:amd64 (1.6~git20131207+dfsg-1ubuntu1.1) ...
Setting up libhx509-5-heimdal:amd64 (1.6~git20131207+dfsg-1ubuntu1.1) ...
Setting up libkrb5-26-heimdal:amd64 (1.6~git20131207+dfsg-1ubuntu1.1) ...
Setting up libheimntlm0-heimdal:amd64 (1.6~git20131207+dfsg-1ubuntu1.1) ...
Setting up libgssapi3-heimdal:amd64 (1.6~git20131207+dfsg-1ubuntu1.1) ...
Setting up libsasl2-modules-db:amd64 (2.1.25.dfsg1-17build1) ...
Setting up libsasl2-2:amd64 (2.1.25.dfsg1-17build1) ...
Setting up libldap-2.4-2:amd64 (2.4.31-1+nmu2ubuntu8.2) ...
Setting up libxml2:amd64 (2.9.1+dfsg1-3ubuntu4.7) ...
Setting up sgml-base (1.26+nmu4ubuntu1) ...
Setting up libapr1:amd64 (1.5.0-1) ...
Setting up libaprutil1:amd64 (1.5.3-1) ...
Setting up libsasl2-modules:amd64 (2.1.25.dfsg1-17build1) ...
Setting up openssl (1.0.1f-1ubuntu2.19) ...
Setting up xml-core (0.13+nmu2) ...
Setting up libaprutil1-dbd-sqlite3:amd64 (1.5.3-1) ...
Setting up libaprutil1-ldap:amd64 (1.5.3-1) ...
Setting up apache2-bin (2.4.7-1ubuntu4.9) ...
Setting up apache2-data (2.4.7-1ubuntu4.9) ...
Setting up apache2 (2.4.7-1ubuntu4.9) ...
Enabling module mpm_event.
Enabling module authz_core.
Enabling module authz_host.
Enabling module authn_core.
Enabling module auth_basic.
Enabling module access_compat.
Enabling module authn_file.
Enabling module authz_user.
Enabling module alias.
Enabling module dir.
Enabling module autoindex.
Enabling module env.
Enabling module mime.
Enabling module negotiation.
Enabling module setenvif.
Enabling module filter.
Enabling module deflate.
Enabling module status.
Enabling conf charset.
Enabling conf localized-error-pages.
Enabling conf other-vhosts-access-log.
Enabling conf security.
Enabling conf serve-cgi-bin.
Enabling site 000-default.
[91minvoke-rc.d: policy-rc.d denied execution of start.
[0mSetting up ssl-cert (1.0.33) ...
[91mdebconf: unable to initialize frontend: Dialog
debconf: (TERM is not set, so the dialog frontend is not usable.)
debconf: falling back to frontend: Readline
[0m[91mdebconf: unable to initialize frontend: Readline
debconf: (This frontend requires a controlling tty.)
debconf: falling back to frontend: Teletype
[0mProcessing triggers for libc-bin (2.19-0ubuntu6.7) ...
Processing triggers for sgml-base (1.26+nmu4ubuntu1) ...
Processing triggers for ureadahead (0.100.0-16) ...
 ---> 53181b5302ee
Removing intermediate container a9206d8f7549
Step 6 : EXPOSE 80 443
 ---> Running in 8617e81ce4df
 ---> c3dba6bfccdb
Removing intermediate container 8617e81ce4df
Step 7 : ENTRYPOINT /usr/sbin/apache2ctl -D FOREGROUND
 ---> Running in 60a25d65d49d
 ---> 990bc7bbe77e
Removing intermediate container 60a25d65d49d
Successfully built 990bc7bbe77e
